Build started 7/15/2016 1:26:26 AM.
Project "E:\code\Sigmatizm\VST\SigmaTizmVST.vcxproj" on node 2 (build target(s)).
C:\Windows\Microsoft.NET\Framework\v4.0.30319\Microsoft.Common.Targets(1422,5): warning : The referenced project '..\..\..\..\..\base\win\base_vc10.vcxproj' does not exist.
InitializeBuildStatus:
  Creating ".\Debug\SigmaTizmVST.unsuccessfulbuild" because "AlwaysCreate" was specified.
ClCompile:
  c:\Program Files (x86)\Microsoft Visual Studio 10.0\VC\bin\CL.exe /c /I../../../../.. /I../../../../../vstgui4 /ZI /nologo /W3 /WX- /Od /Oy- /D WINDOWS=1 /D DEVELOPMENT=1 /D _CRT_SECURE_NO_DEPRECATE=1 /D VSTGUI_LIVE_EDITING=1 /D _VC80_UPGRADE=0x0710 /D _WINDLL /D _MBCS /Gm- /EHsc /RTC1 /MTd /GS /fp:precise /Zc:wchar_t /Zc:forScope /Fo".\Debug\\" /Fd".\Debug\vc100.pdb" /FR".\Debug\\" /Gd /TP /analyze- /errorReport:prompt ..\..\..\..\source\main\dllmain.cpp ..\..\..\..\source\main\pluginfactoryvst3.cpp ..\..\..\..\source\common\pluginview.cpp ..\..\..\..\source\vst\vstaudioeffect.cpp ..\..\..\..\source\vst\vstbus.cpp ..\..\..\..\source\vst\vstcomponent.cpp ..\..\..\..\source\vst\vstcomponentbase.cpp ..\..\..\..\source\vst\vsteditcontroller.cpp ..\..\..\..\source\vst\vstguieditor.cpp ..\..\..\..\source\vst\vstinitiids.cpp ..\..\..\..\source\vst\vstnoteexpressiontypes.cpp ..\..\..\..\source\vst\vstparameters.cpp ..\..\..\..\..\pluginterfaces\base\conststringtable.cpp ..\..\..\..\..\pluginterfaces\base\funknown.cpp ..\..\..\..\..\pluginterfaces\base\ustring.cpp "..\..\..\..\..\vstgui4\vstgui\plugin-bindings\vst3editor.cpp" "..\..\..\..\..\vstgui4\vstgui\plugin-bindings\vst3groupcontroller.cpp" "..\..\..\..\..\vstgui4\vstgui\plugin-bindings\vst3padcontroller.cpp" ..\..\..\..\..\vstgui4\vstgui\vstgui_uidescription_win32.cpp ..\..\..\..\..\vstgui4\vstgui\vstgui_win32.cpp source\factory.cpp source\VSTSynthController.cpp source\VSTSynthProcessor.cpp source\pluginobjects.cpp
  dllmain.cpp
c1xx : fatal error C1083: Cannot open source file: '..\..\..\..\source\main\dllmain.cpp': No such file or directory
  pluginfactoryvst3.cpp
c1xx : fatal error C1083: Cannot open source file: '..\..\..\..\source\main\pluginfactoryvst3.cpp': No such file or directory
  pluginview.cpp
c1xx : fatal error C1083: Cannot open source file: '..\..\..\..\source\common\pluginview.cpp': No such file or directory
  vstaudioeffect.cpp
c1xx : fatal error C1083: Cannot open source file: '..\..\..\..\source\vst\vstaudioeffect.cpp': No such file or directory
  vstbus.cpp
c1xx : fatal error C1083: Cannot open source file: '..\..\..\..\source\vst\vstbus.cpp': No such file or directory
  vstcomponent.cpp
c1xx : fatal error C1083: Cannot open source file: '..\..\..\..\source\vst\vstcomponent.cpp': No such file or directory
  vstcomponentbase.cpp
c1xx : fatal error C1083: Cannot open source file: '..\..\..\..\source\vst\vstcomponentbase.cpp': No such file or directory
  vsteditcontroller.cpp
c1xx : fatal error C1083: Cannot open source file: '..\..\..\..\source\vst\vsteditcontroller.cpp': No such file or directory
  vstguieditor.cpp
c1xx : fatal error C1083: Cannot open source file: '..\..\..\..\source\vst\vstguieditor.cpp': No such file or directory
  vstinitiids.cpp
c1xx : fatal error C1083: Cannot open source file: '..\..\..\..\source\vst\vstinitiids.cpp': No such file or directory
  vstnoteexpressiontypes.cpp
c1xx : fatal error C1083: Cannot open source file: '..\..\..\..\source\vst\vstnoteexpressiontypes.cpp': No such file or directory
  vstparameters.cpp
c1xx : fatal error C1083: Cannot open source file: '..\..\..\..\source\vst\vstparameters.cpp': No such file or directory
  conststringtable.cpp
c1xx : fatal error C1083: Cannot open source file: '..\..\..\..\..\pluginterfaces\base\conststringtable.cpp': No such file or directory
  funknown.cpp
c1xx : fatal error C1083: Cannot open source file: '..\..\..\..\..\pluginterfaces\base\funknown.cpp': No such file or directory
  ustring.cpp
c1xx : fatal error C1083: Cannot open source file: '..\..\..\..\..\pluginterfaces\base\ustring.cpp': No such file or directory
  vst3editor.cpp
c1xx : fatal error C1083: Cannot open source file: '..\..\..\..\..\vstgui4\vstgui\plugin-bindings\vst3editor.cpp': No such file or directory
  vst3groupcontroller.cpp
c1xx : fatal error C1083: Cannot open source file: '..\..\..\..\..\vstgui4\vstgui\plugin-bindings\vst3groupcontroller.cpp': No such file or directory
  vst3padcontroller.cpp
c1xx : fatal error C1083: Cannot open source file: '..\..\..\..\..\vstgui4\vstgui\plugin-bindings\vst3padcontroller.cpp': No such file or directory
  vstgui_uidescription_win32.cpp
c1xx : fatal error C1083: Cannot open source file: '..\..\..\..\..\vstgui4\vstgui\vstgui_uidescription_win32.cpp': No such file or directory
  vstgui_win32.cpp
c1xx : fatal error C1083: Cannot open source file: '..\..\..\..\..\vstgui4\vstgui\vstgui_win32.cpp': No such file or directory
  Generating Code...
  Compiling...
  factory.cpp
e:\code\sigmatizm\vst\source\factory.cpp(38): fatal error C1083: Cannot open include file: 'public.sdk/source/main/pluginfactoryvst3.h': No such file or directory
  VSTSynthController.cpp
e:\code\sigmatizm\vst\source\vstsynthcontroller.h(41): fatal error C1083: Cannot open include file: 'public.sdk/source/vst/vsteditcontroller.h': No such file or directory
  VSTSynthProcessor.cpp
e:\code\sigmatizm\vst\source\vstsynthprocessor.h(41): fatal error C1083: Cannot open include file: 'public.sdk/source/vst/vstaudioeffect.h': No such file or directory
  pluginobjects.cpp
  Generating Code...
Done Building Project "E:\code\Sigmatizm\VST\SigmaTizmVST.vcxproj" (build target(s)) -- FAILED.

Build FAILED.

Time Elapsed 00:00:07.55
